# 米家桌面便利贴 - 设计沟通记录

**日期：** 2026-03-17  
**项目：** 米家桌面便利贴 (Mijia Desktop Sticky)

---

## 一、产品定位

Windows 桌面便利贴形态的米家设备控制工具，支持：
1. **设备直接控制** - 单个设备的开关、调节控制（闭环）
2. **批处理/场景联动** - 通过 WSL OpenClaw AI Agent 执行复杂场景（可选增强）

---

## 二、技术架构

```
┌─────────────────────────────────────────────────────────┐
│                    Windows 便利贴                        │
│              (Electron + React + TypeScript)            │
│                                                         │
│  ┌───────────────────────────────────────────────────┐ │
│  │               设备控制模块（闭环）                 │ │
│  │  - 直接调用 python-miio 控制设备                  │ │
│  └───────────────────────────────────────────────────┘ │
│                                                         │
│  ┌───────────────────────────────────────────────────┐ │
│  │            OpenClaw 批处理模块（可选）             │ │
│  │  - 调用 WSL OpenClaw Agent 执行批处理             │ │
│  └───────────────────────────────────────────────────┘ │
└────────────────────────────┬────────────────────────────┘
                             │
        ┌────────────────────┼────────────────────┐
        │                    │                    │
        ▼                    ▼                    ▼
┌───────────────┐   ┌───────────────┐   ┌───────────────┐
│  设备控制     │   │  OpenClaw     │   │  本地存储     │
│  (python-miio)│   │  (WSL HTTP)   │   │  (配置/Token) │
└───────┬───────┘   └───────┬───────┘   └───────────────┘
        │                   │
        │         ┌─────────▼─────────┐
        │         │   WSL 子系统      │
        │         │   OpenClaw Agent  │
        │         └───────────────────┘
        │
        ▼
┌─────────────────┐
│   米家设备      │
└─────────────────┘
```

**技术栈：**
- 前端框架：Electron 28 + React 18 + TypeScript
- 状态管理：Zustand
- 设备控制：python-miio + FastAPI (HTTP 通信)
- 数据存储：SQLite (better-sqlite3) + JSON 文件
- 日志存储：SQLite (热数据) + JSONL 归档 (冷数据)

---

## 三、模块划分与优先级

| 编号 | 模块 | 优先级 | 版本 | 说明 |
|------|------|--------|------|------|
| M01 | 设备管理模块 | P0 | v0.1 | 云端同步、信息管理、缓存 |
| M02 | 设备控制模块 | P0 | v0.1 | 开关、亮度、色温控制 |
| M03 | UI 展示模块 | P0 | v0.1 | 便利贴窗口、设备卡片 |
| M04 | 配置管理模块 | P0 | v0.1 | 配置存储、Token 加密 |
| M07 | 日志服务模块 | P1 | v1.0 | SQLite+JSONL 分级存储 |
| M05 | OpenClaw 客户端 | P2 | v2.0 | AI Agent 通信 |
| M06 | 批处理脚本管理 | P2 | v2.0 | 脚本注册、执行 |

---

## 四、关键设计决策

### 1. 设备管理模块 (v1.2)

**v0.1 功能范围：**
- ✅ 从米家云端同步设备列表
- ✅ 设备信息管理（名称、房间等）
- ✅ 本地缓存设备数据
- ✅ 启动时自动同步（缓存检查）

**不做（v2.0）：**
- ⭕ 本地设备发现（扫描局域网）
- ⭕ 手动添加设备
- ⭕ 从配置文件导入

**原因：** 简化首期开发，用户设备已通过米家 App 配置，直接云端同步即可。

### 2. 日志服务模块 (v1.1)

**存储方案变更：**
- 原设计：JSON 文件存储
- 新设计：SQLite + JSONL 归档（冷热分离）

**原因：** 
- JSON 文件查询性能差（线性扫描）
- 不支持并发安全写入
- 无法做聚合统计

**新方案优势：**
- SQLite 支持 SQL 查询和索引
- 冷热数据分离（7 天为界）
- 支持聚合统计和高效查询

### 3. OpenClaw 集成

**定位：** 可选的批处理增强模块，非核心功能

**架构：**
- Windows 便利贴：独立闭环，直接控制设备
- OpenClaw (WSL)：AI Agent，调用批处理脚本执行场景联动

**使用场景：**
- 单个设备控制 → 便利贴直接控制
- 批处理场景（如"回家模式"）→ OpenClaw Agent 调用脚本

---

## 五、版本规划

| 版本 | 功能范围 | 周期 |
|------|----------|------|
| **MVP (v0.1)** | P0 核心功能（设备控制 + 便利贴） | 4 周 |
| **v1.0 正式版** | MVP + P1（日志服务） | 5 周 |
| **v2.0 增强版** | v1.0 + P2（OpenClaw 批处理） | 7 周 |

### MVP 功能清单 (v0.1)

**必需功能：**
- ✅ 便利贴窗口展示（置顶、拖拽、透明）
- ✅ 云端同步设备列表
- ✅ 单设备开关/亮度/色温控制
- ✅ 配置管理（窗口设置、主题）

**非必需功能（后续迭代）：**
- ⭕ 日志查询与统计
- ⭕ OpenClaw 批处理
- ⭕ 自然语言控制
- ⭕ 设备发现/添加

---

## 六、文档结构

```
d:\code\mijia\
├── PRD.md                          # 产品需求文档
├── HLD.md                          # 概要设计文档 (v1.2)
├── memory\
│   └── 2026-03-17.log              # 沟通记录
└── docs\
    ├── 设备管理模块详细设计.md      (M01, v1.2)
    ├── 设备控制模块详细设计.md      (M02)
    ├── UI 展示模块详细设计.md        (M03)
    ├── 配置管理模块详细设计.md      (M04)
    ├── OpenClaw 客户端模块详细设计.md (M05, P2)
    ├── 批处理脚本管理模块详细设计.md (M06, P2)
    └── 日志服务模块详细设计.md      (M07, v1.1)
```

---

## 七、待办事项

### 下一步行动
1. 搭建项目脚手架（Electron + React + TypeScript）
2. 实现配置管理模块（M04）
3. 实现设备管理模块（M01）- 云端同步
4. 实现设备控制模块（M02）- python-miio 集成
5. 实现 UI 展示模块（M03）- 便利贴窗口

### 技术预研
- OpenClaw 在 WSL 中的部署方案
- 米家云 API 的认证流程
- python-miio 支持的设备类型

---

## 八、设计原则

1. **MVP 优先** - 先做核心功能，增强功能后续迭代
2. **闭环设计** - 设备控制不依赖 OpenClaw，独立可用
3. **分级存储** - 冷热数据分离，性能与成本平衡
4. **模块化** - 各模块低耦合，便于扩展和维护

---

**记录人：** AI Assistant  
**最后更新：** 2026-03-17
